GET /hello 0.568ms 12 200 ∅<>W/"c-00hq6RNueFa8QiEjhep5cJRHWAI"
GET /favicon.ico 1.038ms 150 404 both=∅
GET /hello 0.350ms ∅ 304 both=W/"c-00hq6RNueFa8QiEjhep5cJRHWAI"

GET /isNumber/one 0.777ms 19 200 ∅<>W/"13-r8lQBzabJoWH4nYqMPw1ixEXOIs"
GET /isNumber/two 0.829ms 19 200 ∅<>W/"13-DxacD3pwJcsihyjw/+cRRuz0vvU"
GET /isNumber/one 1.039ms ∅ 304 both=W/"13-r8lQBzabJoWH4nYqMPw1ixEXOIs"
GET /isNumber/two 1.053ms ∅ 304 both=W/"13-DxacD3pwJcsihyjw/+cRRuz0vvU"

# One chance in 20 of serving the same random number twice
# in a row at the same request url
GET /random 0.587ms 200 1 ∅<>W/"1-rDR41po8gfpi5g9cNpYWWk5easQ"
GET /random 0.553ms 200 1 W/"1-rDR41po8gfpi5g9cNpYWWk5easQ"<>W/"1-G2RTiSRzpGfQc3LUXrBavCAxZHo"
GET /random 0.385ms 200 2 W/"1-G2RTiSRzpGfQc3LUXrBavCAxZHo"<>W/"2-BxbZcI0yH/tqAIGGFHeed5klNlw"
GET /random 0.844ms 200 2 W/"2-BxbZcI0yH/tqAIGGFHeed5klNlw"<>W/"2-FXS923XHim/SJR1h4pk7UUYgExk"
GET /random 0.108ms 200 2 W/"2-FXS923XHim/SJR1h4pk7UUYgExk"<>W/"2-s/DH9rt2OvG+kdnnTqv+sZncHx8"
GET /random 0.802ms 200 2 W/"2-s/DH9rt2OvG+kdnnTqv+sZncHx8"<>W/"2-FXS923XHim/SJR1h4pk7UUYgExk"
GET /random 0.492ms 200 2 W/"2-FXS923XHim/SJR1h4pk7UUYgExk"<>W/"2-vTB6PsMp4Qos/4+4dICCPaEU+PQ"
GET /random 0.515ms 200 2 W/"2-vTB6PsMp4Qos/4+4dICCPaEU+PQ"<>W/"2-kQMq17vLbPcodejoIH3PuoAXP3w"
GET /random 0.561ms 200 2 W/"2-kQMq17vLbPcodejoIH3PuoAXP3w"<>W/"2-+jXhkhIeq/Pav59epqvby8EHrDs"
GET /random 0.485ms 200 2 W/"2-+jXhkhIeq/Pav59epqvby8EHrDs"<>W/"2-e1IAm2T9CipJ5tipOXUwd3krBVQ"
GET /random 0.641ms 200 1 W/"2-e1IAm2T9CipJ5tipOXUwd3krBVQ"<>W/"1-d95o2uzYI7q7tY7bHI4U1xBug7s"
GET /random 0.426ms 200 2 W/"1-d95o2uzYI7q7tY7bHI4U1xBug7s"<>W/"2-nmpVtrRWPmUqI76dYjylBVw1aUA"
GET /random 0.882ms 200 1 W/"2-nmpVtrRWPmUqI76dYjylBVw1aUA"<>W/"1-wd/ZbuqMwrYnhSdbyjisJhJW4ng"
GET /random 0.778ms 200 2 W/"1-wd/ZbuqMwrYnhSdbyjisJhJW4ng"<>W/"2-kQMq17vLbPcodejoIH3PuoAXP3w"
GET /random 0.398ms 200 1 W/"2-kQMq17vLbPcodejoIH3PuoAXP3w"<>W/"1-d95o2uzYI7q7tY7bHI4U1xBug7s"
GET /random 0.409ms 200 2 W/"1-d95o2uzYI7q7tY7bHI4U1xBug7s"<>W/"2-F7oHkUmduQhDO4DzfF+8ibhwCEs"
GET /random 0.502ms 200 2 W/"2-F7oHkUmduQhDO4DzfF+8ibhwCEs"<>W/"2-kQMq17vLbPcodejoIH3PuoAXP3w"
GET /random 0.526ms 200 2 W/"2-kQMq17vLbPcodejoIH3PuoAXP3w"<>W/"2-vTB6PsMp4Qos/4+4dICCPaEU+PQ"
GET /random 0.398ms 200 2 W/"2-vTB6PsMp4Qos/4+4dICCPaEU+PQ"<>W/"2-e1IAm2T9CipJ5tipOXUwd3krBVQ"
GET /random 0.814ms 200 1 W/"2-e1IAm2T9CipJ5tipOXUwd3krBVQ"<>W/"1-kCujzaGIOAFZS24bRSeQzFOUj9o"
GET /random 0.952ms 200 1 W/"1-kCujzaGIOAFZS24bRSeQzFOUj9o"<>W/"1-2kuSN7rMzfGcB2DKt67EqDWQELA"
GET /random 0.380ms 200 2 W/"1-2kuSN7rMzfGcB2DKt67EqDWQELA"<>W/"2-FXS923XHim/SJR1h4pk7UUYgExk"
GET /random 0.378ms 200 1 W/"2-FXS923XHim/SJR1h4pk7UUYgExk"<>W/"1-G2RTiSRzpGfQc3LUXrBavCAxZHo"
GET /random 0.433ms 200 2 W/"1-G2RTiSRzpGfQc3LUXrBavCAxZHo"<>W/"2-F7oHkUmduQhDO4DzfF+8ibhwCEs"
GET /random 0.458ms 200 2 W/"2-F7oHkUmduQhDO4DzfF+8ibhwCEs"<>W/"2-e1IAm2T9CipJ5tipOXUwd3krBVQ"
GET /random 0.580ms 200 2 W/"2-e1IAm2T9CipJ5tipOXUwd3krBVQ"<>W/"2-sdV4ERHYT3s/5FoIUuWXWM16h+U"
GET /random 0.444ms 200 2 W/"2-sdV4ERHYT3s/5FoIUuWXWM16h+U"<>W/"2-s/DH9rt2OvG+kdnnTqv+sZncHx8"
GET /random 0.232ms 200 2 W/"1-NWoZK3kTsExUV00Ywo1G5jlUKKs"<>W/"2-F7oHkUmduQhDO4DzfF+8ibhwCEs"
GET /random 0.340ms 304 ∅ both=W/"2-F7oHkUmduQhDO4DzfF+8ibhwCEs"
GET /random 0.399ms 200 2 W/"2-F7oHkUmduQhDO4DzfF+8ibhwCEs"<>W/"2-vTB6PsMp4Qos/4+4dICCPaEU+PQ"
